ProtectThePrincess(beta)/Temp/gradleOut/unityLibrary/build/intermediates/manifest_merge_blame_file/release/manifest-merger-blame-release-report.txt
1<?xml version="1.0" encoding="utf-8"?>
2<!-- GENERATED BY UNITY. REMOVE THIS COMMENT TO PREVENT OVERWRITING WHEN EXPORTING AGAIN -->
3<manifest xmlns:android="http://schemas.android.com/apk/res/android"
4    xmlns:tools="http://schemas.android.com/tools"
5    package="com.unity3d.player"
6    android:versionCode="14"
7    android:versionName="0.5" >
8
9    <uses-sdk
10        android:minSdkVersion="23"
10-->src/main/AndroidManifest.xml
11        android:targetSdkVersion="31" />
11-->src/main/AndroidManifest.xml
12
13    <uses-feature android:glEsVersion="0x00020000" />
13-->src/main/AndroidManifest.xml:25:3-52
13-->src/main/AndroidManifest.xml:25:17-49
14
15    <supports-gl-texture android:name="GL_OES_compressed_ETC1_RGB8_texture" />
15-->src/main/AndroidManifest.xml:26:3-77
15-->src/main/AndroidManifest.xml:26:24-74
16
17    <uses-permission android:name="android.permission.INTERNET" />
17-->src/main/AndroidManifest.xml:27:3-65
17-->src/main/AndroidManifest.xml:27:20-62
18    <uses-permission android:name="android.permission.ACCESS_NETWORK_STATE" />
18-->src/main/AndroidManifest.xml:28:3-77
18-->src/main/AndroidManifest.xml:28:20-74
19
20    <uses-feature
20-->src/main/AndroidManifest.xml:29:3-88
21        android:name="android.hardware.touchscreen"
21-->src/main/AndroidManifest.xml:29:17-60
22        android:required="false" />
22-->src/main/AndroidManifest.xml:29:61-85
23    <uses-feature
23-->src/main/AndroidManifest.xml:30:3-99
24        android:name="android.hardware.touchscreen.multitouch"
24-->src/main/AndroidManifest.xml:30:17-71
25        android:required="false" />
25-->src/main/AndroidManifest.xml:30:72-96
26    <uses-feature
26-->src/main/AndroidManifest.xml:31:3-108
27        android:name="android.hardware.touchscreen.multitouch.distinct"
27-->src/main/AndroidManifest.xml:31:17-80
28        android:required="false" />
28-->src/main/AndroidManifest.xml:31:81-105
29
30    <application>
30-->src/main/AndroidManifest.xml:4:3-24:17
31        <activity
31-->src/main/AndroidManifest.xml:5:5-12:16
32            android:name="com.unity3d.player.UnityPlayerActivity"
32-->src/main/AndroidManifest.xml:5:15-68
33            android:configChanges="mcc|mnc|locale|touchscreen|keyboard|keyboardHidden|navigation|orientation|screenLayout|uiMode|screenSize|smallestScreenSize|fontScale|layoutDirection|density"
33-->src/main/AndroidManifest.xml:5:187-368
34            android:hardwareAccelerated="false"
34-->src/main/AndroidManifest.xml:5:404-439
35            android:launchMode="singleTask"
35-->src/main/AndroidManifest.xml:5:155-186
36            android:resizeableActivity="false"
36-->src/main/AndroidManifest.xml:5:369-403
37            android:screenOrientation="sensorLandscape"
37-->src/main/AndroidManifest.xml:5:111-154
38            android:theme="@style/UnityThemeSelector" >
38-->src/main/AndroidManifest.xml:5:69-110
39            <intent-filter>
39-->src/main/AndroidManifest.xml:6:7-9:23
40                <action android:name="android.intent.action.MAIN" />
40-->src/main/AndroidManifest.xml:7:9-61
40-->src/main/AndroidManifest.xml:7:17-58
41
42                <category android:name="android.intent.category.LAUNCHER" />
42-->src/main/AndroidManifest.xml:8:9-69
42-->src/main/AndroidManifest.xml:8:19-66
43            </intent-filter>
44
45            <meta-data
45-->src/main/AndroidManifest.xml:10:7-82
46                android:name="unityplayer.UnityActivity"
46-->src/main/AndroidManifest.xml:10:18-58
47                android:value="true" />
47-->src/main/AndroidManifest.xml:10:59-79
48            <meta-data
48-->src/main/AndroidManifest.xml:11:7-78
49                android:name="android.notch_support"
49-->src/main/AndroidManifest.xml:11:18-54
50                android:value="true" />
50-->src/main/AndroidManifest.xml:11:55-75
51        </activity>
52
53        <meta-data
53-->src/main/AndroidManifest.xml:13:5-69
54            android:name="unity.splash-mode"
54-->src/main/AndroidManifest.xml:13:16-48
55            android:value="0" />
55-->src/main/AndroidManifest.xml:13:49-66
56        <meta-data
56-->src/main/AndroidManifest.xml:14:5-74
57            android:name="unity.splash-enable"
57-->src/main/AndroidManifest.xml:14:16-50
58            android:value="True" />
58-->src/main/AndroidManifest.xml:14:51-71
59        <meta-data
59-->src/main/AndroidManifest.xml:15:5-84
60            android:name="unity.allow-resizable-window"
60-->src/main/AndroidManifest.xml:15:16-59
61            android:value="False" />
61-->src/main/AndroidManifest.xml:15:60-81
62        <meta-data
62-->src/main/AndroidManifest.xml:16:5-81
63            android:name="notch.config"
63-->src/main/AndroidManifest.xml:16:16-43
64            android:value="portrait|landscape" />
64-->src/main/AndroidManifest.xml:16:44-78
65        <meta-data
65-->src/main/AndroidManifest.xml:17:5-101
66            android:name="unity.build-id"
66-->src/main/AndroidManifest.xml:17:16-45
67            android:value="14515aed-231d-4bbc-8c6a-516bf2db4b9f" />
67-->src/main/AndroidManifest.xml:17:46-98
68
69        <receiver
69-->src/main/AndroidManifest.xml:18:5-112
70            android:name="com.unity.androidnotifications.UnityNotificationManager"
70-->src/main/AndroidManifest.xml:18:15-85
71            android:exported="true" />
71-->src/main/AndroidManifest.xml:18:86-109
72        <receiver
72-->src/main/AndroidManifest.xml:19:5-23:16
73            android:name="com.unity.androidnotifications.UnityNotificationRestartOnBootReceiver"
73-->src/main/AndroidManifest.xml:19:15-99
74            android:enabled="false" >
74-->src/main/AndroidManifest.xml:19:100-123
75            <intent-filter>
75-->src/main/AndroidManifest.xml:20:7-22:23
76                <action android:name="android.intent.action.BOOT_COMPLETED" />
76-->src/main/AndroidManifest.xml:21:9-71
76-->src/main/AndroidManifest.xml:21:17-68
77            </intent-filter>
78        </receiver>
79    </application>
80
81</manifest>